<?xml version="1.0" encoding="UTF-8"?>
<testsuite name="ListOfNameTest" tests="1" skipped="0" failures="0" errors="0" timestamp="2024-08-26T18:22:16" hostname="C11-3OC3ABIVGN8" time="0.02">
  <properties/>
  <testcase name="testHumbertoJuniorInList()" classname="ListOfNameTest" time="0.02"/>
  <system-out><![CDATA[]]></system-out>
  <system-err><![CDATA[]]></system-err>
</testsuite>
